Success (26):
datatype 2628 {urn:com:appian:types:BWD}BWD_test "{urn:com:appian:types:BWD}BWD_test"
datatype 2650 {urn:com:appian:types:BWD}BWD_customer "{urn:com:appian:types:BWD}BWD_customer"
datatype 2656 {urn:com:appian:types:BWD}BWD_declaration "{urn:com:appian:types:BWD}BWD_declaration"
dataStore 4385 _a-0000dfc1-6117-8000-06a9-01ef9001ef90_4582 "BWD DS"
group 22 _e-0000dfc1-6107-8000-0670-011e94011e94_22 "BWD All Users"
group 23 _e-0000dfc1-6107-8000-0670-011e94011e94_23 "BWD Admins"
group 24 _e-0000dfc1-6107-8000-0670-011e94011e94_24 "BWD Intake"
group 25 _e-0000dfc1-6107-8000-0670-011e94011e94_25 "BWD Managers"
content 4331 _a-0000dfc1-6117-8000-06a9-01ef9001ef90_4521 "BWD Rules and Constants"
content 4332 _a-0000dfc1-6117-8000-06a9-01ef9001ef90_4522 "BWD Constants"
content 4333 _a-0000dfc1-6117-8000-06a9-01ef9001ef90_4523 "BWD Interfaces"
content 4334 _a-0000dfc1-6117-8000-06a9-01ef9001ef90_4524 "BWD Query Rules"
content 4335 _a-0000dfc1-6117-8000-06a9-01ef9001ef90_4525 "BWD Expression Rules"
content 4336 _a-0000dfc1-6117-8000-06a9-01ef9001ef90_4526 "BWD_TEST_CONSTANT_1"
content 4337 _a-0000dfc1-6117-8000-06a9-01ef9001ef90_4527 "BWD_SECOND_LEVEL_APPROVAL_LIMIT_FOR_SELF_PAYMENT"
content 4338 _a-0000dfc1-6117-8000-06a9-01ef9001ef90_4528 "BWD_SECOND_LEVEL_APPROVAL_LIMIT_FOR_THIRD_PARTY_PAYMENT"
content 4341 _a-0000dfc1-6117-8000-06a9-01ef9001ef90_4529 "BWD_calculateTotalAmount"
content 4343 _a-0000dfc1-6117-8000-06a9-01ef9001ef90_4532 "BWD_getUserFullName"
content 4389 _a-0000dfc1-6117-8000-06a9-01ef9001ef90_4587 "BWD_getAllDeclarations"
content 4391 _a-0000dfc1-6117-8000-06a9-01ef9001ef90_4589 "BWD_test"
content 4393 _a-0000dfc1-6117-8000-06a9-01ef9001ef90_4591 "BWD_getDeclarationsByContractNumber"
content 4394 _a-0000dfc1-6117-8000-06a9-01ef9001ef90_4593 "BWD_DECLARATION_ENTITY"
content 4396 _a-0000dfc1-6117-8000-06a9-01ef9001ef90_4594 "BWD_queryDeclarations"
processModelFolder 11 _g-0000dfc1-6107-8000-0671-014d98014d98_11 "BWD Process Models"
processModel 207 0002dff1-a8bc-8000-0671-014d98014d98 "BWD Construction Declaratives"
application 4326 _a-0000dfc1-6117-8000-06a9-01ef9001ef90_4516 "Bouwdepot"

Referenced precedents that were not exported (1):
user karthikr karthikr

Trace:
2018-01-30 04:50:10.778 DEBUG application 4326 _a-0000dfc1-6117-8000-06a9-01ef9001ef90_4516 Begin transport.
2018-01-30 04:50:10.778 DEBUG application 4326 _a-0000dfc1-6117-8000-06a9-01ef9001ef90_4516 Retrieving object data.
2018-01-30 04:50:10.781 DEBUG application 4326 _a-0000dfc1-6117-8000-06a9-01ef9001ef90_4516 App associated objects: [datatype=[{urn:com:appian:types:BWD}BWD_test, {urn:com:appian:types:BWD}BWD_declaration, {urn:com:appian:types:BWD}BWD_customer],dataStore=[_a-0000dfc1-6117-8000-06a9-01ef9001ef90_4582],group=[_e-0000dfc1-6107-8000-0670-011e94011e94_22, _e-0000dfc1-6107-8000-0670-011e94011e94_23, _e-0000dfc1-6107-8000-0670-011e94011e94_24, _e-0000dfc1-6107-8000-0670-011e94011e94_25],content=[_a-0000dfc1-6117-8000-06a9-01ef9001ef90_4521, _a-0000dfc1-6117-8000-06a9-01ef9001ef90_4522, _a-0000dfc1-6117-8000-06a9-01ef9001ef90_4523, _a-0000dfc1-6117-8000-06a9-01ef9001ef90_4524, _a-0000dfc1-6117-8000-06a9-01ef9001ef90_4525, _a-0000dfc1-6117-8000-06a9-01ef9001ef90_4526, _a-0000dfc1-6117-8000-06a9-01ef9001ef90_4527, _a-0000dfc1-6117-8000-06a9-01ef9001ef90_4528, _a-0000dfc1-6117-8000-06a9-01ef9001ef90_4529, _a-0000dfc1-6117-8000-06a9-01ef9001ef90_4532, _a-0000dfc1-6117-8000-06a9-01ef9001ef90_4587, _a-0000dfc1-6117-8000-06a9-01ef9001ef90_4589, _a-0000dfc1-6117-8000-06a9-01ef9001ef90_4591, _a-0000dfc1-6117-8000-06a9-01ef9001ef90_4593, _a-0000dfc1-6117-8000-06a9-01ef9001ef90_4594],processModelFolder=[_g-0000dfc1-6107-8000-0671-014d98014d98_11],processModel=[0002dff1-a8bc-8000-0671-014d98014d98]]
2018-01-30 04:50:10.788 DEBUG application 4326 _a-0000dfc1-6117-8000-06a9-01ef9001ef90_4516 Invalid associated objects: []
2018-01-30 04:50:10.788 DEBUG application 4326 _a-0000dfc1-6117-8000-06a9-01ef9001ef90_4516 Adding valid associated objects to be exported: GlobalBindingMap[datatype={{urn:com:appian:types:BWD}BWD_test=2628, {urn:com:appian:types:BWD}BWD_declaration=2656, {urn:com:appian:types:BWD}BWD_customer=2650},dataStore={_a-0000dfc1-6117-8000-06a9-01ef9001ef90_4582=4385},group={_e-0000dfc1-6107-8000-0670-011e94011e94_22=22, _e-0000dfc1-6107-8000-0670-011e94011e94_23=23, _e-0000dfc1-6107-8000-0670-011e94011e94_24=24, _e-0000dfc1-6107-8000-0670-011e94011e94_25=25},content={_a-0000dfc1-6117-8000-06a9-01ef9001ef90_4521=4331, _a-0000dfc1-6117-8000-06a9-01ef9001ef90_4522=4332, _a-0000dfc1-6117-8000-06a9-01ef9001ef90_4523=4333, _a-0000dfc1-6117-8000-06a9-01ef9001ef90_4524=4334, _a-0000dfc1-6117-8000-06a9-01ef9001ef90_4525=4335, _a-0000dfc1-6117-8000-06a9-01ef9001ef90_4526=4336, _a-0000dfc1-6117-8000-06a9-01ef9001ef90_4527=4337, _a-0000dfc1-6117-8000-06a9-01ef9001ef90_4528=4338, _a-0000dfc1-6117-8000-06a9-01ef9001ef90_4529=4341, _a-0000dfc1-6117-8000-06a9-01ef9001ef90_4532=4343, _a-0000dfc1-6117-8000-06a9-01ef9001ef90_4587=4389, _a-0000dfc1-6117-8000-06a9-01ef9001ef90_4589=4391, _a-0000dfc1-6117-8000-06a9-01ef9001ef90_4591=4393, _a-0000dfc1-6117-8000-06a9-01ef9001ef90_4593=4394, _a-0000dfc1-6117-8000-06a9-01ef9001ef90_4594=4396},processModelFolder={_g-0000dfc1-6107-8000-0671-014d98014d98_11=11},processModel={0002dff1-a8bc-8000-0671-014d98014d98=207}]
2018-01-30 04:50:10.788 DEBUG application 4326 _a-0000dfc1-6117-8000-06a9-01ef9001ef90_4516 Setting uuids of object references.
2018-01-30 04:50:10.79 DEBUG application 4326 _a-0000dfc1-6117-8000-06a9-01ef9001ef90_4516 Processing reference: Application.forum
2018-01-30 04:50:10.791 DEBUG application 4326 _a-0000dfc1-6117-8000-06a9-01ef9001ef90_4516 Processing reference: Application.parent
2018-01-30 04:50:10.794 DEBUG application 4326 _a-0000dfc1-6117-8000-06a9-01ef9001ef90_4516 Processing reference: com.appiancorp.suiteapi.content.ContentRoleMap@1a8c8dda[
  ContentRole[name=readers,groupIds=[22],inherit=false,allowForAll=false]
  ContentRole[name=authors,inherit=false,allowForAll=false]
  ContentRole[name=administrators,usernames=[karthikr],groupIds=[23],inherit=false,allowForAll=false]
  ContentRole[name=denyReaders,inherit=false,allowForAll=false]
  ContentRole[name=denyAuthors,inherit=false,allowForAll=false]
  ContentRole[name=denyAdministrators,inherit=false,allowForAll=false]
  securityVector=129:SEC_PUBLIC=true,SEC_CREATOR_ADMIN=true,SEC_INH_ADMIN=false,SEC_INH_EDITOR=false,SEC_INH_VIEWER=false,SEC_ALL_ADMIN=false,SEC_ALL_EDITOR=false,SEC_ALL_VIEWER=false
]
2018-01-30 04:50:10.794 DEBUG application 4326 _a-0000dfc1-6117-8000-06a9-01ef9001ef90_4516 Processing reference: ContentRole[name=readers,groupIds=[22],inherit=false,allowForAll=false]
2018-01-30 04:50:10.795 DEBUG group 22 _e-0000dfc1-6107-8000-0670-011e94011e94_22 Begin transport.
2018-01-30 04:50:10.795 DEBUG group 22 _e-0000dfc1-6107-8000-0670-011e94011e94_22 Retrieving object data.
2018-01-30 04:50:10.8 DEBUG group 22 _e-0000dfc1-6107-8000-0670-011e94011e94_22 Setting uuids of object references.
2018-01-30 04:50:10.801 DEBUG group 22 _e-0000dfc1-6107-8000-0670-011e94011e94_22 Processing reference: Role[name=<null>,groupIds=[23]]
2018-01-30 04:50:10.801 DEBUG group 23 _e-0000dfc1-6107-8000-0670-011e94011e94_23 Begin transport.
2018-01-30 04:50:10.801 DEBUG group 23 _e-0000dfc1-6107-8000-0670-011e94011e94_23 Retrieving object data.
2018-01-30 04:50:10.805 DEBUG group 23 _e-0000dfc1-6107-8000-0670-011e94011e94_23 Setting uuids of object references.
2018-01-30 04:50:10.805 DEBUG group 23 _e-0000dfc1-6107-8000-0670-011e94011e94_23 Processing reference: Role[name=<null>]
2018-01-30 04:50:10.818 DEBUG group 23 _e-0000dfc1-6107-8000-0670-011e94011e94_23 Processing reference: Group.groupTypeId
2018-01-30 04:50:10.822 DEBUG group 23 _e-0000dfc1-6107-8000-0670-011e94011e94_23 Processing reference: Group.parentId
2018-01-30 04:50:10.823 DEBUG group 22 _e-0000dfc1-6107-8000-0670-011e94011e94_22 Begin transport.
2018-01-30 04:50:10.823 DEBUG group 22 _e-0000dfc1-6107-8000-0670-011e94011e94_22 Loop detected: [group:22, group:23]
2018-01-30 04:50:10.823 DEBUG group 22 Breaking loop [group:22, group:23]. group:23 will be transported with its reference to 22 nulled out and will require a second pass.
2018-01-30 04:50:10.823 DEBUG group 23 _e-0000dfc1-6107-8000-0670-011e94011e94_23 Processing reference: Group.homePageId
2018-01-30 04:50:10.824 DEBUG group 23 _e-0000dfc1-6107-8000-0670-011e94011e94_23 Processing reference: Role[name=<null>]
2018-01-30 04:50:10.824 DEBUG group 23 _e-0000dfc1-6107-8000-0670-011e94011e94_23 Completing produce.
2018-01-30 04:50:10.824 DEBUG group 23 _e-0000dfc1-6107-8000-0670-011e94011e94_23 Object transported with these references nulled out: [group:22]
2018-01-30 04:50:10.824 DEBUG group 22 _e-0000dfc1-6107-8000-0670-011e94011e94_22 Processing reference: Group.groupTypeId
2018-01-30 04:50:10.825 DEBUG group 22 _e-0000dfc1-6107-8000-0670-011e94011e94_22 Processing reference: Group.parentId
2018-01-30 04:50:10.826 DEBUG group 22 _e-0000dfc1-6107-8000-0670-011e94011e94_22 Processing reference: Group.homePageId
2018-01-30 04:50:10.826 DEBUG group 22 _e-0000dfc1-6107-8000-0670-011e94011e94_22 Processing reference: Role[name=<null>,groupIds=[23, 24, 25]]
2018-01-30 04:50:10.826 DEBUG group 24 _e-0000dfc1-6107-8000-0670-011e94011e94_24 Begin transport.
2018-01-30 04:50:10.826 DEBUG group 24 _e-0000dfc1-6107-8000-0670-011e94011e94_24 Retrieving object data.
2018-01-30 04:50:10.831 DEBUG group 24 _e-0000dfc1-6107-8000-0670-011e94011e94_24 Setting uuids of object references.
2018-01-30 04:50:10.831 DEBUG group 24 _e-0000dfc1-6107-8000-0670-011e94011e94_24 Processing reference: Role[name=<null>]
2018-01-30 04:50:10.831 DEBUG group 24 _e-0000dfc1-6107-8000-0670-011e94011e94_24 Processing reference: Group.groupTypeId
2018-01-30 04:50:10.832 DEBUG group 24 _e-0000dfc1-6107-8000-0670-011e94011e94_24 Processing reference: Group.parentId
2018-01-30 04:50:10.833 DEBUG group 22 _e-0000dfc1-6107-8000-0670-011e94011e94_22 Begin transport.
2018-01-30 04:50:10.833 DEBUG group 22 _e-0000dfc1-6107-8000-0670-011e94011e94_22 Loop detected: [group:22, group:24]
2018-01-30 04:50:10.833 DEBUG group 22 Breaking loop [group:22, group:24]. group:24 will be transported with its reference to 22 nulled out and will require a second pass.
2018-01-30 04:50:10.833 DEBUG group 24 _e-0000dfc1-6107-8000-0670-011e94011e94_24 Processing reference: Group.homePageId
2018-01-30 04:50:10.833 DEBUG group 24 _e-0000dfc1-6107-8000-0670-011e94011e94_24 Processing reference: Role[name=<null>]
2018-01-30 04:50:10.833 DEBUG group 24 _e-0000dfc1-6107-8000-0670-011e94011e94_24 Completing produce.
2018-01-30 04:50:10.833 DEBUG group 24 _e-0000dfc1-6107-8000-0670-011e94011e94_24 Object transported with these references nulled out: [group:22]
2018-01-30 04:50:10.833 DEBUG group 25 _e-0000dfc1-6107-8000-0670-011e94011e94_25 Begin transport.
2018-01-30 04:50:10.833 DEBUG group 25 _e-0000dfc1-6107-8000-0670-011e94011e94_25 Retrieving object data.
2018-01-30 04:50:10.837 DEBUG group 25 _e-0000dfc1-6107-8000-0670-011e94011e94_25 Setting uuids of object references.
2018-01-30 04:50:10.837 DEBUG group 25 _e-0000dfc1-6107-8000-0670-011e94011e94_25 Processing reference: Role[name=<null>,groupIds=[23]]
2018-01-30 04:50:10.838 DEBUG group 25 _e-0000dfc1-6107-8000-0670-011e94011e94_25 Processing reference: Group.groupTypeId
2018-01-30 04:50:10.839 DEBUG group 25 _e-0000dfc1-6107-8000-0670-011e94011e94_25 Processing reference: Group.parentId
2018-01-30 04:50:10.84 DEBUG group 22 _e-0000dfc1-6107-8000-0670-011e94011e94_22 Begin transport.
2018-01-30 04:50:10.84 DEBUG group 22 _e-0000dfc1-6107-8000-0670-011e94011e94_22 Loop detected: [group:22, group:25]
2018-01-30 04:50:10.84 DEBUG group 22 Breaking loop [group:22, group:25]. group:25 will be transported with its reference to 22 nulled out and will require a second pass.
2018-01-30 04:50:10.84 DEBUG group 25 _e-0000dfc1-6107-8000-0670-011e94011e94_25 Processing reference: Group.homePageId
2018-01-30 04:50:10.84 DEBUG group 25 _e-0000dfc1-6107-8000-0670-011e94011e94_25 Processing reference: Role[name=<null>]
2018-01-30 04:50:10.84 DEBUG group 25 _e-0000dfc1-6107-8000-0670-011e94011e94_25 Completing produce.
2018-01-30 04:50:10.84 DEBUG group 25 _e-0000dfc1-6107-8000-0670-011e94011e94_25 Object transported with these references nulled out: [group:22]
2018-01-30 04:50:10.841 DEBUG group 22 _e-0000dfc1-6107-8000-0670-011e94011e94_22 Completing produce.
2018-01-30 04:50:10.841 DEBUG group 22 _e-0000dfc1-6107-8000-0670-011e94011e94_22 Exporting binary resources.
2018-01-30 04:50:10.841 DEBUG group 22 _e-0000dfc1-6107-8000-0670-011e94011e94_22 Serializing object to XML.
2018-01-30 04:50:10.841 DEBUG group 22 _e-0000dfc1-6107-8000-0670-011e94011e94_22 Object transported.
2018-01-30 04:50:10.841 DEBUG group 22 _e-0000dfc1-6107-8000-0670-011e94011e94_22 Binding pending incomplete: group:23
2018-01-30 04:50:10.842 DEBUG group 23 _e-0000dfc1-6107-8000-0670-011e94011e94_23 Begin transport.
2018-01-30 04:50:10.842 DEBUG group 23 _e-0000dfc1-6107-8000-0670-011e94011e94_23 Retrieving object data.
2018-01-30 04:50:10.846 DEBUG group 23 _e-0000dfc1-6107-8000-0670-011e94011e94_23 Setting uuids of object references.
2018-01-30 04:50:10.846 DEBUG group 23 _e-0000dfc1-6107-8000-0670-011e94011e94_23 Processing reference: Role[name=<null>]
2018-01-30 04:50:10.846 DEBUG group 23 _e-0000dfc1-6107-8000-0670-011e94011e94_23 Processing reference: Group.groupTypeId
2018-01-30 04:50:10.847 DEBUG group 23 _e-0000dfc1-6107-8000-0670-011e94011e94_23 Processing reference: Group.parentId
2018-01-30 04:50:10.848 DEBUG group 23 _e-0000dfc1-6107-8000-0670-011e94011e94_23 Processing reference: Group.homePageId
2018-01-30 04:50:10.848 DEBUG group 23 _e-0000dfc1-6107-8000-0670-011e94011e94_23 Processing reference: Role[name=<null>]
2018-01-30 04:50:10.849 DEBUG group 23 _e-0000dfc1-6107-8000-0670-011e94011e94_23 Completing produce.
2018-01-30 04:50:10.849 DEBUG group 23 _e-0000dfc1-6107-8000-0670-011e94011e94_23 Exporting binary resources.
2018-01-30 04:50:10.849 DEBUG group 23 _e-0000dfc1-6107-8000-0670-011e94011e94_23 Serializing object to XML.
2018-01-30 04:50:10.849 DEBUG group 23 _e-0000dfc1-6107-8000-0670-011e94011e94_23 Removed object from incomplete list.
2018-01-30 04:50:10.849 DEBUG group 23 _e-0000dfc1-6107-8000-0670-011e94011e94_23 Object transported.
2018-01-30 04:50:10.849 DEBUG group 22 _e-0000dfc1-6107-8000-0670-011e94011e94_22 Binding pending incomplete: group:24
2018-01-30 04:50:10.85 DEBUG group 24 _e-0000dfc1-6107-8000-0670-011e94011e94_24 Begin transport.
2018-01-30 04:50:10.85 DEBUG group 24 _e-0000dfc1-6107-8000-0670-011e94011e94_24 Retrieving object data.
2018-01-30 04:50:10.853 DEBUG group 24 _e-0000dfc1-6107-8000-0670-011e94011e94_24 Setting uuids of object references.
2018-01-30 04:50:10.853 DEBUG group 24 _e-0000dfc1-6107-8000-0670-011e94011e94_24 Processing reference: Role[name=<null>]
2018-01-30 04:50:10.853 DEBUG group 24 _e-0000dfc1-6107-8000-0670-011e94011e94_24 Processing reference: Group.groupTypeId
2018-01-30 04:50:10.854 DEBUG group 24 _e-0000dfc1-6107-8000-0670-011e94011e94_24 Processing reference: Group.parentId
2018-01-30 04:50:10.856 DEBUG group 24 _e-0000dfc1-6107-8000-0670-011e94011e94_24 Processing reference: Group.homePageId
2018-01-30 04:50:10.856 DEBUG group 24 _e-0000dfc1-6107-8000-0670-011e94011e94_24 Processing reference: Role[name=<null>]
2018-01-30 04:50:10.856 DEBUG group 24 _e-0000dfc1-6107-8000-0670-011e94011e94_24 Completing produce.
2018-01-30 04:50:10.856 DEBUG group 24 _e-0000dfc1-6107-8000-0670-011e94011e94_24 Exporting binary resources.
2018-01-30 04:50:10.856 DEBUG group 24 _e-0000dfc1-6107-8000-0670-011e94011e94_24 Serializing object to XML.
2018-01-30 04:50:10.856 DEBUG group 24 _e-0000dfc1-6107-8000-0670-011e94011e94_24 Removed object from incomplete list.
2018-01-30 04:50:10.856 DEBUG group 24 _e-0000dfc1-6107-8000-0670-011e94011e94_24 Object transported.
2018-01-30 04:50:10.856 DEBUG group 22 _e-0000dfc1-6107-8000-0670-011e94011e94_22 Binding pending incomplete: group:25
2018-01-30 04:50:10.857 DEBUG group 25 _e-0000dfc1-6107-8000-0670-011e94011e94_25 Begin transport.
2018-01-30 04:50:10.857 DEBUG group 25 _e-0000dfc1-6107-8000-0670-011e94011e94_25 Retrieving object data.
2018-01-30 04:50:10.86 DEBUG group 25 _e-0000dfc1-6107-8000-0670-011e94011e94_25 Setting uuids of object references.
2018-01-30 04:50:10.86 DEBUG group 25 _e-0000dfc1-6107-8000-0670-011e94011e94_25 Processing reference: Role[name=<null>,groupIds=[23]]
2018-01-30 04:50:10.861 DEBUG group 25 _e-0000dfc1-6107-8000-0670-011e94011e94_25 Processing reference: Group.groupTypeId
2018-01-30 04:50:10.862 DEBUG group 25 _e-0000dfc1-6107-8000-0670-011e94011e94_25 Processing reference: Group.parentId
2018-01-30 04:50:10.864 DEBUG group 25 _e-0000dfc1-6107-8000-0670-011e94011e94_25 Processing reference: Group.homePageId
2018-01-30 04:50:10.864 DEBUG group 25 _e-0000dfc1-6107-8000-0670-011e94011e94_25 Processing reference: Role[name=<null>]
2018-01-30 04:50:10.864 DEBUG group 25 _e-0000dfc1-6107-8000-0670-011e94011e94_25 Completing produce.
2018-01-30 04:50:10.864 DEBUG group 25 _e-0000dfc1-6107-8000-0670-011e94011e94_25 Exporting binary resources.
2018-01-30 04:50:10.864 DEBUG group 25 _e-0000dfc1-6107-8000-0670-011e94011e94_25 Serializing object to XML.
2018-01-30 04:50:10.864 DEBUG group 25 _e-0000dfc1-6107-8000-0670-011e94011e94_25 Removed object from incomplete list.
2018-01-30 04:50:10.864 DEBUG group 25 _e-0000dfc1-6107-8000-0670-011e94011e94_25 Object transported.
2018-01-30 04:50:10.864 DEBUG application 4326 _a-0000dfc1-6117-8000-06a9-01ef9001ef90_4516 Processing reference: ContentRole[name=authors,inherit=false,allowForAll=false]
2018-01-30 04:50:10.864 DEBUG application 4326 _a-0000dfc1-6117-8000-06a9-01ef9001ef90_4516 Processing reference: ContentRole[name=administrators,usernames=[karthikr],groupIds=[23],inherit=false,allowForAll=false]
2018-01-30 04:50:10.865 DEBUG application 4326 _a-0000dfc1-6117-8000-06a9-01ef9001ef90_4516 Processing reference: ContentRole[name=denyReaders,inherit=false,allowForAll=false]
2018-01-30 04:50:10.865 DEBUG application 4326 _a-0000dfc1-6117-8000-06a9-01ef9001ef90_4516 Processing reference: ContentRole[name=denyAuthors,inherit=false,allowForAll=false]
2018-01-30 04:50:10.865 DEBUG application 4326 _a-0000dfc1-6117-8000-06a9-01ef9001ef90_4516 Processing reference: ContentRole[name=denyAdministrators,inherit=false,allowForAll=false]
2018-01-30 04:50:10.866 DEBUG datatype 2628 {urn:com:appian:types:BWD}BWD_test Begin transport.
2018-01-30 04:50:10.866 DEBUG datatype 2628 {urn:com:appian:types:BWD}BWD_test Retrieving object data.
2018-01-30 04:50:10.877 DEBUG datatype 2628 {urn:com:appian:types:BWD}BWD_test Setting uuids of object references.
2018-01-30 04:50:10.913 DEBUG datatype 2628 {urn:com:appian:types:BWD}BWD_test Completing produce.
2018-01-30 04:50:10.913 DEBUG datatype 2628 {urn:com:appian:types:BWD}BWD_test Exporting binary resources.
2018-01-30 04:50:10.913 DEBUG datatype 2628 {urn:com:appian:types:BWD}BWD_test Serializing object to XML.
2018-01-30 04:50:10.913 DEBUG datatype 2628 {urn:com:appian:types:BWD}BWD_test Object transported.
2018-01-30 04:50:10.913 DEBUG datatype 2656 {urn:com:appian:types:BWD}BWD_declaration Begin transport.
2018-01-30 04:50:10.913 DEBUG datatype 2656 {urn:com:appian:types:BWD}BWD_declaration Retrieving object data.
2018-01-30 04:50:10.943 DEBUG datatype 2656 {urn:com:appian:types:BWD}BWD_declaration Setting uuids of object references.
2018-01-30 04:50:10.944 DEBUG datatype 2650 {urn:com:appian:types:BWD}BWD_customer Begin transport.
2018-01-30 04:50:10.944 DEBUG datatype 2650 {urn:com:appian:types:BWD}BWD_customer Retrieving object data.
2018-01-30 04:50:10.958 DEBUG datatype 2650 {urn:com:appian:types:BWD}BWD_customer Setting uuids of object references.
2018-01-30 04:50:10.958 DEBUG datatype 2650 {urn:com:appian:types:BWD}BWD_customer Completing produce.
2018-01-30 04:50:10.958 DEBUG datatype 2650 {urn:com:appian:types:BWD}BWD_customer Exporting binary resources.
2018-01-30 04:50:10.958 DEBUG datatype 2650 {urn:com:appian:types:BWD}BWD_customer Serializing object to XML.
2018-01-30 04:50:10.959 DEBUG datatype 2650 {urn:com:appian:types:BWD}BWD_customer Object transported.
2018-01-30 04:50:10.959 DEBUG datatype 2656 {urn:com:appian:types:BWD}BWD_declaration Completing produce.
2018-01-30 04:50:10.959 DEBUG datatype 2656 {urn:com:appian:types:BWD}BWD_declaration Exporting binary resources.
2018-01-30 04:50:10.959 DEBUG datatype 2656 {urn:com:appian:types:BWD}BWD_declaration Serializing object to XML.
2018-01-30 04:50:10.959 DEBUG datatype 2656 {urn:com:appian:types:BWD}BWD_declaration Object transported.
2018-01-30 04:50:10.961 DEBUG dataStore 4385 _a-0000dfc1-6117-8000-06a9-01ef9001ef90_4582 Begin transport.
2018-01-30 04:50:10.961 DEBUG dataStore 4385 _a-0000dfc1-6117-8000-06a9-01ef9001ef90_4582 Retrieving object data.
2018-01-30 04:50:10.963 DEBUG dataStore 4385 _a-0000dfc1-6117-8000-06a9-01ef9001ef90_4582 Setting uuids of object references.
2018-01-30 04:50:10.965 DEBUG dataStore 4385 _a-0000dfc1-6117-8000-06a9-01ef9001ef90_4582 Processing reference: datatypeRef[id=2656]
2018-01-30 04:50:10.965 DEBUG dataStore 4385 _a-0000dfc1-6117-8000-06a9-01ef9001ef90_4582 Processing reference: datatypeRef[id=2650]
2018-01-30 04:50:10.966 DEBUG dataStore 4385 _a-0000dfc1-6117-8000-06a9-01ef9001ef90_4582 Processing reference: ContentRole[name=administrators,groupIds=[23],inherit=false,allowForAll=false]
2018-01-30 04:50:10.968 DEBUG dataStore 4385 _a-0000dfc1-6117-8000-06a9-01ef9001ef90_4582 Processing reference: ContentRole[name=authors,inherit=false,allowForAll=false]
2018-01-30 04:50:10.968 DEBUG dataStore 4385 _a-0000dfc1-6117-8000-06a9-01ef9001ef90_4582 Processing reference: ContentRole[name=denyAdministrators,inherit=false,allowForAll=false]
2018-01-30 04:50:10.968 DEBUG dataStore 4385 _a-0000dfc1-6117-8000-06a9-01ef9001ef90_4582 Processing reference: ContentRole[name=denyAuthors,inherit=false,allowForAll=false]
2018-01-30 04:50:10.968 DEBUG dataStore 4385 _a-0000dfc1-6117-8000-06a9-01ef9001ef90_4582 Processing reference: ContentRole[name=denyReaders,inherit=false,allowForAll=false]
2018-01-30 04:50:10.968 DEBUG dataStore 4385 _a-0000dfc1-6117-8000-06a9-01ef9001ef90_4582 Processing reference: ContentRole[name=readers,groupIds=[22],inherit=false,allowForAll=false]
2018-01-30 04:50:10.968 DEBUG dataStore 4385 _a-0000dfc1-6117-8000-06a9-01ef9001ef90_4582 Completing produce.
2018-01-30 04:50:10.968 DEBUG dataStore 4385 _a-0000dfc1-6117-8000-06a9-01ef9001ef90_4582 Exporting binary resources.
2018-01-30 04:50:10.968 DEBUG dataStore 4385 _a-0000dfc1-6117-8000-06a9-01ef9001ef90_4582 Serializing object to XML.
2018-01-30 04:50:10.969 DEBUG dataStore 4385 _a-0000dfc1-6117-8000-06a9-01ef9001ef90_4582 Object transported.
2018-01-30 04:50:10.971 DEBUG content 4331 _a-0000dfc1-6117-8000-06a9-01ef9001ef90_4521 Begin transport.
2018-01-30 04:50:10.971 DEBUG content 4331 _a-0000dfc1-6117-8000-06a9-01ef9001ef90_4521 Retrieving object data.
2018-01-30 04:50:10.977 DEBUG content 4331 _a-0000dfc1-6117-8000-06a9-01ef9001ef90_4521 Setting uuids of object references.
2018-01-30 04:50:10.977 DEBUG content 4331 _a-0000dfc1-6117-8000-06a9-01ef9001ef90_4521 Processing reference: RulesFolder.forum
2018-01-30 04:50:10.978 DEBUG content 4331 _a-0000dfc1-6117-8000-06a9-01ef9001ef90_4521 Processing reference: RulesFolder.parent
2018-01-30 04:50:10.979 DEBUG content 4331 _a-0000dfc1-6117-8000-06a9-01ef9001ef90_4521 Processing reference: com.appiancorp.suiteapi.content.ContentRoleMap@52961311[
  ContentRole[name=readers,inherit=false,allowForAll=false]
  ContentRole[name=authors,inherit=false,allowForAll=false]
  ContentRole[name=administrators,groupIds=[23],inherit=false,allowForAll=false]
  ContentRole[name=denyReaders,inherit=false,allowForAll=false]
  ContentRole[name=denyAuthors,inherit=false,allowForAll=false]
  ContentRole[name=denyAdministrators,inherit=false,allowForAll=false]
  securityVector=1:SEC_PUBLIC=true,SEC_CREATOR_ADMIN=false,SEC_INH_ADMIN=false,SEC_INH_EDITOR=false,SEC_INH_VIEWER=false,SEC_ALL_ADMIN=false,SEC_ALL_EDITOR=false,SEC_ALL_VIEWER=false
]
2018-01-30 04:50:10.979 DEBUG content 4331 _a-0000dfc1-6117-8000-06a9-01ef9001ef90_4521 Processing reference: ContentRole[name=readers,inherit=false,allowForAll=false]
2018-01-30 04:50:10.979 DEBUG content 4331 _a-0000dfc1-6117-8000-06a9-01ef9001ef90_4521 Processing reference: ContentRole[name=authors,inherit=false,allowForAll=false]
2018-01-30 04:50:10.98 DEBUG content 4331 _a-0000dfc1-6117-8000-06a9-01ef9001ef90_4521 Processing reference: ContentRole[name=administrators,groupIds=[23],inherit=false,allowForAll=false]
2018-01-30 04:50:10.981 DEBUG content 4331 _a-0000dfc1-6117-8000-06a9-01ef9001ef90_4521 Processing reference: ContentRole[name=denyReaders,inherit=false,allowForAll=false]
2018-01-30 04:50:10.981 DEBUG content 4331 _a-0000dfc1-6117-8000-06a9-01ef9001ef90_4521 Processing reference: ContentRole[name=denyAuthors,inherit=false,allowForAll=false]
2018-01-30 04:50:10.981 DEBUG content 4331 _a-0000dfc1-6117-8000-06a9-01ef9001ef90_4521 Processing reference: ContentRole[name=denyAdministrators,inherit=false,allowForAll=false]
2018-01-30 04:50:10.981 DEBUG content 4331 _a-0000dfc1-6117-8000-06a9-01ef9001ef90_4521 Completing produce.
2018-01-30 04:50:10.981 DEBUG content 4331 _a-0000dfc1-6117-8000-06a9-01ef9001ef90_4521 Exporting binary resources.
2018-01-30 04:50:10.981 DEBUG content 4331 _a-0000dfc1-6117-8000-06a9-01ef9001ef90_4521 Serializing object to XML.
2018-01-30 04:50:10.981 DEBUG content 4331 _a-0000dfc1-6117-8000-06a9-01ef9001ef90_4521 Object transported.
2018-01-30 04:50:10.981 DEBUG content 4332 _a-0000dfc1-6117-8000-06a9-01ef9001ef90_4522 Begin transport.
2018-01-30 04:50:10.981 DEBUG content 4332 _a-0000dfc1-6117-8000-06a9-01ef9001ef90_4522 Retrieving object data.
2018-01-30 04:50:10.987 DEBUG content 4332 _a-0000dfc1-6117-8000-06a9-01ef9001ef90_4522 Setting uuids of object references.
2018-01-30 04:50:10.987 DEBUG content 4332 _a-0000dfc1-6117-8000-06a9-01ef9001ef90_4522 Processing reference: RulesFolder.forum
2018-01-30 04:50:10.987 DEBUG content 4332 _a-0000dfc1-6117-8000-06a9-01ef9001ef90_4522 Processing reference: RulesFolder.parent
2018-01-30 04:50:10.989 DEBUG content 4332 _a-0000dfc1-6117-8000-06a9-01ef9001ef90_4522 Processing reference: com.appiancorp.suiteapi.content.ContentRoleMap@161cf242[
  ContentRole[name=readers,inherit=true,allowForAll=false]
  ContentRole[name=authors,inherit=true,allowForAll=false]
  ContentRole[name=administrators,inherit=true,allowForAll=false]
  ContentRole[name=denyReaders,inherit=false,allowForAll=false]
  ContentRole[name=denyAuthors,inherit=false,allowForAll=false]
  ContentRole[name=denyAdministrators,inherit=false,allowForAll=false]
  securityVector=15:SEC_PUBLIC=true,SEC_CREATOR_ADMIN=false,SEC_INH_ADMIN=true,SEC_INH_EDITOR=true,SEC_INH_VIEWER=true,SEC_ALL_ADMIN=false,SEC_ALL_EDITOR=false,SEC_ALL_VIEWER=false
]
2018-01-30 04:50:10.989 DEBUG content 4332 _a-0000dfc1-6117-8000-06a9-01ef9001ef90_4522 Processing reference: ContentRole[name=readers,inherit=true,allowForAll=false]
2018-01-30 04:50:10.989 DEBUG content 4332 _a-0000dfc1-6117-8000-06a9-01ef9001ef90_4522 Processing reference: ContentRole[name=authors,inherit=true,allowForAll=false]
2018-01-30 04:50:10.989 DEBUG content 4332 _a-0000dfc1-6117-8000-06a9-01ef9001ef90_4522 Processing reference: ContentRole[name=administrators,inherit=true,allowForAll=false]
2018-01-30 04:50:10.989 DEBUG content 4332 _a-0000dfc1-6117-8000-06a9-01ef9001ef90_4522 Processing reference: ContentRole[name=denyReaders,inherit=false,allowForAll=false]
2018-01-30 04:50:10.989 DEBUG content 4332 _a-0000dfc1-6117-8000-06a9-01ef9001ef90_4522 Processing reference: ContentRole[name=denyAuthors,inherit=false,allowForAll=false]
2018-01-30 04:50:10.989 DEBUG content 4332 _a-0000dfc1-6117-8000-06a9-01ef9001ef90_4522 Processing reference: ContentRole[name=denyAdministrators,inherit=false,allowForAll=false]
2018-01-30 04:50:10.989 DEBUG content 4332 _a-0000dfc1-6117-8000-06a9-01ef9001ef90_4522 Completing produce.
2018-01-30 04:50:10.989 DEBUG content 4332 _a-0000dfc1-6117-8000-06a9-01ef9001ef90_4522 Exporting binary resources.
2018-01-30 04:50:10.989 DEBUG content 4332 _a-0000dfc1-6117-8000-06a9-01ef9001ef90_4522 Serializing object to XML.
2018-01-30 04:50:10.99 DEBUG content 4332 _a-0000dfc1-6117-8000-06a9-01ef9001ef90_4522 Object transported.
2018-01-30 04:50:10.99 DEBUG content 4333 _a-0000dfc1-6117-8000-06a9-01ef9001ef90_4523 Begin transport.
2018-01-30 04:50:10.99 DEBUG content 4333 _a-0000dfc1-6117-8000-06a9-01ef9001ef90_4523 Retrieving object data.
2018-01-30 04:50:10.995 DEBUG content 4333 _a-0000dfc1-6117-8000-06a9-01ef9001ef90_4523 Setting uuids of object references.
2018-01-30 04:50:10.995 DEBUG content 4333 _a-0000dfc1-6117-8000-06a9-01ef9001ef90_4523 Processing reference: RulesFolder.forum
2018-01-30 04:50:10.995 DEBUG content 4333 _a-0000dfc1-6117-8000-06a9-01ef9001ef90_4523 Processing reference: RulesFolder.parent
2018-01-30 04:50:10.997 DEBUG content 4333 _a-0000dfc1-6117-8000-06a9-01ef9001ef90_4523 Processing reference: com.appiancorp.suiteapi.content.ContentRoleMap@7b1ee70[
  ContentRole[name=readers,inherit=true,allowForAll=false]
  ContentRole[name=authors,inherit=true,allowForAll=false]
  ContentRole[name=administrators,inherit=true,allowForAll=false]
  ContentRole[name=denyReaders,inherit=false,allowForAll=false]
  ContentRole[name=denyAuthors,inherit=false,allowForAll=false]
  ContentRole[name=denyAdministrators,inherit=false,allowForAll=false]
  securityVector=15:SEC_PUBLIC=true,SEC_CREATOR_ADMIN=false,SEC_INH_ADMIN=true,SEC_INH_EDITOR=true,SEC_INH_VIEWER=true,SEC_ALL_ADMIN=false,SEC_ALL_EDITOR=false,SEC_ALL_VIEWER=false
]
2018-01-30 04:50:10.997 DEBUG content 4333 _a-0000dfc1-6117-8000-06a9-01ef9001ef90_4523 Processing reference: ContentRole[name=readers,inherit=true,allowForAll=false]
2018-01-30 04:50:10.997 DEBUG content 4333 _a-0000dfc1-6117-8000-06a9-01ef9001ef90_4523 Processing reference: ContentRole[name=authors,inherit=true,allowForAll=false]
2018-01-30 04:50:10.997 DEBUG content 4333 _a-0000dfc1-6117-8000-06a9-01ef9001ef90_4523 Processing reference: ContentRole[name=administrators,inherit=true,allowForAll=false]
2018-01-30 04:50:10.997 DEBUG content 4333 _a-0000dfc1-6117-8000-06a9-01ef9001ef90_4523 Processing reference: ContentRole[name=denyReaders,inherit=false,allowForAll=false]
2018-01-30 04:50:10.997 DEBUG content 4333 _a-0000dfc1-6117-8000-06a9-01ef9001ef90_4523 Processing reference: ContentRole[name=denyAuthors,inherit=false,allowForAll=false]
2018-01-30 04:50:10.997 DEBUG content 4333 _a-0000dfc1-6117-8000-06a9-01ef9001ef90_4523 Processing reference: ContentRole[name=denyAdministrators,inherit=false,allowForAll=false]
2018-01-30 04:50:10.997 DEBUG content 4333 _a-0000dfc1-6117-8000-06a9-01ef9001ef90_4523 Completing produce.
2018-01-30 04:50:10.997 DEBUG content 4333 _a-0000dfc1-6117-8000-06a9-01ef9001ef90_4523 Exporting binary resources.
2018-01-30 04:50:10.997 DEBUG content 4333 _a-0000dfc1-6117-8000-06a9-01ef9001ef90_4523 Serializing object to XML.
2018-01-30 04:50:10.997 DEBUG content 4333 _a-0000dfc1-6117-8000-06a9-01ef9001ef90_4523 Object transported.
2018-01-30 04:50:10.997 DEBUG content 4334 _a-0000dfc1-6117-8000-06a9-01ef9001ef90_4524 Begin transport.
2018-01-30 04:50:10.997 DEBUG content 4334 _a-0000dfc1-6117-8000-06a9-01ef9001ef90_4524 Retrieving object data.
2018-01-30 04:50:11.002 DEBUG content 4334 _a-0000dfc1-6117-8000-06a9-01ef9001ef90_4524 Setting uuids of object references.
2018-01-30 04:50:11.002 DEBUG content 4334 _a-0000dfc1-6117-8000-06a9-01ef9001ef90_4524 Processing reference: RulesFolder.forum
2018-01-30 04:50:11.003 DEBUG content 4334 _a-0000dfc1-6117-8000-06a9-01ef9001ef90_4524 Processing reference: RulesFolder.parent
2018-01-30 04:50:11.005 DEBUG content 4334 _a-0000dfc1-6117-8000-06a9-01ef9001ef90_4524 Processing reference: com.appiancorp.suiteapi.content.ContentRoleMap@72aa8b75[
  ContentRole[name=readers,inherit=true,allowForAll=false]
  ContentRole[name=authors,inherit=true,allowForAll=false]
  ContentRole[name=administrators,inherit=true,allowForAll=false]
  ContentRole[name=denyReaders,inherit=false,allowForAll=false]
  ContentRole[name=denyAuthors,inherit=false,allowForAll=false]
  ContentRole[name=denyAdministrators,inherit=false,allowForAll=false]
  securityVector=15:SEC_PUBLIC=true,SEC_CREATOR_ADMIN=false,SEC_INH_ADMIN=true,SEC_INH_EDITOR=true,SEC_INH_VIEWER=true,SEC_ALL_ADMIN=false,SEC_ALL_EDITOR=false,SEC_ALL_VIEWER=false
]
2018-01-30 04:50:11.005 DEBUG content 4334 _a-0000dfc1-6117-8000-06a9-01ef9001ef90_4524 Processing reference: ContentRole[name=readers,inherit=true,allowForAll=false]
2018-01-30 04:50:11.005 DEBUG content 4334 _a-0000dfc1-6117-8000-06a9-01ef9001ef90_4524 Processing reference: ContentRole[name=authors,inherit=true,allowForAll=false]
2018-01-30 04:50:11.005 DEBUG content 4334 _a-0000dfc1-6117-8000-06a9-01ef9001ef90_4524 Processing reference: ContentRole[name=administrators,inherit=true,allowForAll=false]
2018-01-30 04:50:11.005 DEBUG content 4334 _a-0000dfc1-6117-8000-06a9-01ef9001ef90_4524 Processing reference: ContentRole[name=denyReaders,inherit=false,allowForAll=false]
2018-01-30 04:50:11.005 DEBUG content 4334 _a-0000dfc1-6117-8000-06a9-01ef9001ef90_4524 Processing reference: ContentRole[name=denyAuthors,inherit=false,allowForAll=false]
2018-01-30 04:50:11.005 DEBUG content 4334 _a-0000dfc1-6117-8000-06a9-01ef9001ef90_4524 Processing reference: ContentRole[name=denyAdministrators,inherit=false,allowForAll=false]
2018-01-30 04:50:11.005 DEBUG content 4334 _a-0000dfc1-6117-8000-06a9-01ef9001ef90_4524 Completing produce.
2018-01-30 04:50:11.005 DEBUG content 4334 _a-0000dfc1-6117-8000-06a9-01ef9001ef90_4524 Exporting binary resources.
2018-01-30 04:50:11.005 DEBUG content 4334 _a-0000dfc1-6117-8000-06a9-01ef9001ef90_4524 Serializing object to XML.
2018-01-30 04:50:11.005 DEBUG content 4334 _a-0000dfc1-6117-8000-06a9-01ef9001ef90_4524 Object transported.
2018-01-30 04:50:11.005 DEBUG content 4335 _a-0000dfc1-6117-8000-06a9-01ef9001ef90_4525 Begin transport.
2018-01-30 04:50:11.005 DEBUG content 4335 _a-0000dfc1-6117-8000-06a9-01ef9001ef90_4525 Retrieving object data.
2018-01-30 04:50:11.01 DEBUG content 4335 _a-0000dfc1-6117-8000-06a9-01ef9001ef90_4525 Setting uuids of object references.
2018-01-30 04:50:11.011 DEBUG content 4335 _a-0000dfc1-6117-8000-06a9-01ef9001ef90_4525 Processing reference: RulesFolder.forum
2018-01-30 04:50:11.011 DEBUG content 4335 _a-0000dfc1-6117-8000-06a9-01ef9001ef90_4525 Processing reference: RulesFolder.parent
2018-01-30 04:50:11.013 DEBUG content 4335 _a-0000dfc1-6117-8000-06a9-01ef9001ef90_4525 Processing reference: com.appiancorp.suiteapi.content.ContentRoleMap@6d061fb7[
  ContentRole[name=readers,inherit=true,allowForAll=false]
  ContentRole[name=authors,inherit=true,allowForAll=false]
  ContentRole[name=administrators,inherit=true,allowForAll=false]
  ContentRole[name=denyReaders,inherit=false,allowForAll=false]
  ContentRole[name=denyAuthors,inherit=false,allowForAll=false]
  ContentRole[name=denyAdministrators,inherit=false,allowForAll=false]
  securityVector=15:SEC_PUBLIC=true,SEC_CREATOR_ADMIN=false,SEC_INH_ADMIN=true,SEC_INH_EDITOR=true,SEC_INH_VIEWER=true,SEC_ALL_ADMIN=false,SEC_ALL_EDITOR=false,SEC_ALL_VIEWER=false
]
2018-01-30 04:50:11.013 DEBUG content 4335 _a-0000dfc1-6117-8000-06a9-01ef9001ef90_4525 Processing reference: ContentRole[name=readers,inherit=true,allowForAll=false]
2018-01-30 04:50:11.013 DEBUG content 4335 _a-0000dfc1-6117-8000-06a9-01ef9001ef90_4525 Processing reference: ContentRole[name=authors,inherit=true,allowForAll=false]
2018-01-30 04:50:11.013 DEBUG content 4335 _a-0000dfc1-6117-8000-06a9-01ef9001ef90_4525 Processing reference: ContentRole[name=administrators,inherit=true,allowForAll=false]
2018-01-30 04:50:11.014 DEBUG content 4335 _a-0000dfc1-6117-8000-06a9-01ef9001ef90_4525 Processing reference: ContentRole[name=denyReaders,inherit=false,allowForAll=false]
2018-01-30 04:50:11.014 DEBUG content 4335 _a-0000dfc1-6117-8000-06a9-01ef9001ef90_4525 Processing reference: ContentRole[name=denyAuthors,inherit=false,allowForAll=false]
2018-01-30 04:50:11.014 DEBUG content 4335 _a-0000dfc1-6117-8000-06a9-01ef9001ef90_4525 Processing reference: ContentRole[name=denyAdministrators,inherit=false,allowForAll=false]
2018-01-30 04:50:11.014 DEBUG content 4335 _a-0000dfc1-6117-8000-06a9-01ef9001ef90_4525 Completing produce.
2018-01-30 04:50:11.014 DEBUG content 4335 _a-0000dfc1-6117-8000-06a9-01ef9001ef90_4525 Exporting binary resources.
2018-01-30 04:50:11.014 DEBUG content 4335 _a-0000dfc1-6117-8000-06a9-01ef9001ef90_4525 Serializing object to XML.
2018-01-30 04:50:11.014 DEBUG content 4335 _a-0000dfc1-6117-8000-06a9-01ef9001ef90_4525 Object transported.
2018-01-30 04:50:11.014 DEBUG content 4336 _a-0000dfc1-6117-8000-06a9-01ef9001ef90_4526 Begin transport.
2018-01-30 04:50:11.014 DEBUG content 4336 _a-0000dfc1-6117-8000-06a9-01ef9001ef90_4526 Retrieving object data.
2018-01-30 04:50:11.019 DEBUG content 4336 _a-0000dfc1-6117-8000-06a9-01ef9001ef90_4526 Setting uuids of object references.
2018-01-30 04:50:11.019 DEBUG content 4336 _a-0000dfc1-6117-8000-06a9-01ef9001ef90_4526 Processing reference: [Content:id=4336,versionId=-1,name=BWD_TEST_CONSTANT_1,type=32,subtype=0,uuid=_a-0000dfc1-6117-8000-06a9-01ef9001ef90_4526,parent=4332]
2018-01-30 04:50:11.019 DEBUG content 4336 _a-0000dfc1-6117-8000-06a9-01ef9001ef90_4526 Processing reference: Constant.forum
2018-01-30 04:50:11.02 DEBUG content 4336 _a-0000dfc1-6117-8000-06a9-01ef9001ef90_4526 Processing reference: Constant.parent
2018-01-30 04:50:11.022 DEBUG content 4336 _a-0000dfc1-6117-8000-06a9-01ef9001ef90_4526 Processing reference: com.appiancorp.suiteapi.content.ContentRoleMap@77c15c05[
  ContentRole[name=readers,inherit=true,allowForAll=false]
  ContentRole[name=authors,inherit=true,allowForAll=false]
  ContentRole[name=administrators,inherit=true,allowForAll=false]
  ContentRole[name=denyReaders,inherit=false,allowForAll=false]
  ContentRole[name=denyAuthors,inherit=false,allowForAll=false]
  ContentRole[name=denyAdministrators,inherit=false,allowForAll=false]
  securityVector=15:SEC_PUBLIC=true,SEC_CREATOR_ADMIN=false,SEC_INH_ADMIN=true,SEC_INH_EDITOR=true,SEC_INH_VIEWER=true,SEC_ALL_ADMIN=false,SEC_ALL_EDITOR=false,SEC_ALL_VIEWER=false
]
2018-01-30 04:50:11.022 DEBUG content 4336 _a-0000dfc1-6117-8000-06a9-01ef9001ef90_4526 Processing reference: ContentRole[name=readers,inherit=true,allowForAll=false]
2018-01-30 04:50:11.022 DEBUG content 4336 _a-0000dfc1-6117-8000-06a9-01ef9001ef90_4526 Processing reference: ContentRole[name=authors,inherit=true,allowForAll=false]
2018-01-30 04:50:11.022 DEBUG content 4336 _a-0000dfc1-6117-8000-06a9-01ef9001ef90_4526 Processing reference: ContentRole[name=administrators,inherit=true,allowForAll=false]
2018-01-30 04:50:11.022 DEBUG content 4336 _a-0000dfc1-6117-8000-06a9-01ef9001ef90_4526 Processing reference: ContentRole[name=denyReaders,inherit=false,allowForAll=false]
2018-01-30 04:50:11.022 DEBUG content 4336 _a-0000dfc1-6117-8000-06a9-01ef9001ef90_4526 Processing reference: ContentRole[name=denyAuthors,inherit=false,allowForAll=false]
2018-01-30 04:50:11.022 DEBUG content 4336 _a-0000dfc1-6117-8000-06a9-01ef9001ef90_4526 Processing reference: ContentRole[name=denyAdministrators,inherit=false,allowForAll=false]
2018-01-30 04:50:11.022 DEBUG content 4336 _a-0000dfc1-6117-8000-06a9-01ef9001ef90_4526 Completing produce.
2018-01-30 04:50:11.022 DEBUG content 4336 _a-0000dfc1-6117-8000-06a9-01ef9001ef90_4526 Exporting binary resources.
2018-01-30 04:50:11.022 DEBUG content 4336 _a-0000dfc1-6117-8000-06a9-01ef9001ef90_4526 Serializing object to XML.
2018-01-30 04:50:11.024 DEBUG content 4336 _a-0000dfc1-6117-8000-06a9-01ef9001ef90_4526 Object transported.
2018-01-30 04:50:11.024 DEBUG content 4337 _a-0000dfc1-6117-8000-06a9-01ef9001ef90_4527 Begin transport.
2018-01-30 04:50:11.024 DEBUG content 4337 _a-0000dfc1-6117-8000-06a9-01ef9001ef90_4527 Retrieving object data.
2018-01-30 04:50:11.029 DEBUG content 4337 _a-0000dfc1-6117-8000-06a9-01ef9001ef90_4527 Setting uuids of object references.
2018-01-30 04:50:11.029 DEBUG content 4337 _a-0000dfc1-6117-8000-06a9-01ef9001ef90_4527 Processing reference: [Content:id=4337,versionId=-1,name=BWD_SECOND_LEVEL_APPROVAL_LIMIT_FOR_SELF_PAYMENT,type=32,subtype=0,uuid=_a-0000dfc1-6117-8000-06a9-01ef9001ef90_4527,parent=4332]
2018-01-30 04:50:11.029 DEBUG content 4337 _a-0000dfc1-6117-8000-06a9-01ef9001ef90_4527 Processing reference: Constant.forum
2018-01-30 04:50:11.029 DEBUG content 4337 _a-0000dfc1-6117-8000-06a9-01ef9001ef90_4527 Processing reference: Constant.parent
2018-01-30 04:50:11.031 DEBUG content 4337 _a-0000dfc1-6117-8000-06a9-01ef9001ef90_4527 Processing reference: com.appiancorp.suiteapi.content.ContentRoleMap@3b739ad3[
  ContentRole[name=readers,inherit=true,allowForAll=false]
  ContentRole[name=authors,inherit=true,allowForAll=false]
  ContentRole[name=administrators,inherit=true,allowForAll=false]
  ContentRole[name=denyReaders,inherit=false,allowForAll=false]
  ContentRole[name=denyAuthors,inherit=false,allowForAll=false]
  ContentRole[name=denyAdministrators,inherit=false,allowForAll=false]
  securityVector=15:SEC_PUBLIC=true,SEC_CREATOR_ADMIN=false,SEC_INH_ADMIN=true,SEC_INH_EDITOR=true,SEC_INH_VIEWER=true,SEC_ALL_ADMIN=false,SEC_ALL_EDITOR=false,SEC_ALL_VIEWER=false
]
2018-01-30 04:50:11.031 DEBUG content 4337 _a-0000dfc1-6117-8000-06a9-01ef9001ef90_4527 Processing reference: ContentRole[name=readers,inherit=true,allowForAll=false]
2018-01-30 04:50:11.031 DEBUG content 4337 _a-0000dfc1-6117-8000-06a9-01ef9001ef90_4527 Processing reference: ContentRole[name=authors,inherit=true,allowForAll=false]
2018-01-30 04:50:11.031 DEBUG content 4337 _a-0000dfc1-6117-8000-06a9-01ef9001ef90_4527 Processing reference: ContentRole[name=administrators,inherit=true,allowForAll=false]
2018-01-30 04:50:11.031 DEBUG content 4337 _a-0000dfc1-6117-8000-06a9-01ef9001ef90_4527 Processing reference: ContentRole[name=denyReaders,inherit=false,allowForAll=false]
2018-01-30 04:50:11.031 DEBUG content 4337 _a-0000dfc1-6117-8000-06a9-01ef9001ef90_4527 Processing reference: ContentRole[name=denyAuthors,inherit=false,allowForAll=false]
2018-01-30 04:50:11.031 DEBUG content 4337 _a-0000dfc1-6117-8000-06a9-01ef9001ef90_4527 Processing reference: ContentRole[name=denyAdministrators,inherit=false,allowForAll=false]
2018-01-30 04:50:11.031 DEBUG content 4337 _a-0000dfc1-6117-8000-06a9-01ef9001ef90_4527 Completing produce.
2018-01-30 04:50:11.031 DEBUG content 4337 _a-0000dfc1-6117-8000-06a9-01ef9001ef90_4527 Exporting binary resources.
2018-01-30 04:50:11.031 DEBUG content 4337 _a-0000dfc1-6117-8000-06a9-01ef9001ef90_4527 Serializing object to XML.
2018-01-30 04:50:11.033 DEBUG content 4337 _a-0000dfc1-6117-8000-06a9-01ef9001ef90_4527 Object transported.
2018-01-30 04:50:11.033 DEBUG content 4338 _a-0000dfc1-6117-8000-06a9-01ef9001ef90_4528 Begin transport.
2018-01-30 04:50:11.033 DEBUG content 4338 _a-0000dfc1-6117-8000-06a9-01ef9001ef90_4528 Retrieving object data.
2018-01-30 04:50:11.039 DEBUG content 4338 _a-0000dfc1-6117-8000-06a9-01ef9001ef90_4528 Setting uuids of object references.
2018-01-30 04:50:11.039 DEBUG content 4338 _a-0000dfc1-6117-8000-06a9-01ef9001ef90_4528 Processing reference: [Content:id=4338,versionId=-1,name=BWD_SECOND_LEVEL_APPROVAL_LIMIT_FOR_THIRD_PARTY_PAYMENT,type=32,subtype=0,uuid=_a-0000dfc1-6117-8000-06a9-01ef9001ef90_4528,parent=4332]
2018-01-30 04:50:11.039 DEBUG content 4338 _a-0000dfc1-6117-8000-06a9-01ef9001ef90_4528 Processing reference: Constant.forum
2018-01-30 04:50:11.04 DEBUG content 4338 _a-0000dfc1-6117-8000-06a9-01ef9001ef90_4528 Processing reference: Constant.parent
2018-01-30 04:50:11.041 DEBUG content 4338 _a-0000dfc1-6117-8000-06a9-01ef9001ef90_4528 Processing reference: com.appiancorp.suiteapi.content.ContentRoleMap@4afce188[
  ContentRole[name=readers,inherit=true,allowForAll=false]
  ContentRole[name=authors,inherit=true,allowForAll=false]
  ContentRole[name=administrators,inherit=true,allowForAll=false]
  ContentRole[name=denyReaders,inherit=false,allowForAll=false]
  ContentRole[name=denyAuthors,inherit=false,allowForAll=false]
  ContentRole[name=denyAdministrators,inherit=false,allowForAll=false]
  securityVector=15:SEC_PUBLIC=true,SEC_CREATOR_ADMIN=false,SEC_INH_ADMIN=true,SEC_INH_EDITOR=true,SEC_INH_VIEWER=true,SEC_ALL_ADMIN=false,SEC_ALL_EDITOR=false,SEC_ALL_VIEWER=false
]
2018-01-30 04:50:11.041 DEBUG content 4338 _a-0000dfc1-6117-8000-06a9-01ef9001ef90_4528 Processing reference: ContentRole[name=readers,inherit=true,allowForAll=false]
2018-01-30 04:50:11.041 DEBUG content 4338 _a-0000dfc1-6117-8000-06a9-01ef9001ef90_4528 Processing reference: ContentRole[name=authors,inherit=true,allowForAll=false]
2018-01-30 04:50:11.041 DEBUG content 4338 _a-0000dfc1-6117-8000-06a9-01ef9001ef90_4528 Processing reference: ContentRole[name=administrators,inherit=true,allowForAll=false]
2018-01-30 04:50:11.041 DEBUG content 4338 _a-0000dfc1-6117-8000-06a9-01ef9001ef90_4528 Processing reference: ContentRole[name=denyReaders,inherit=false,allowForAll=false]
2018-01-30 04:50:11.041 DEBUG content 4338 _a-0000dfc1-6117-8000-06a9-01ef9001ef90_4528 Processing reference: ContentRole[name=denyAuthors,inherit=false,allowForAll=false]
2018-01-30 04:50:11.041 DEBUG content 4338 _a-0000dfc1-6117-8000-06a9-01ef9001ef90_4528 Processing reference: ContentRole[name=denyAdministrators,inherit=false,allowForAll=false]
2018-01-30 04:50:11.042 DEBUG content 4338 _a-0000dfc1-6117-8000-06a9-01ef9001ef90_4528 Completing produce.
2018-01-30 04:50:11.042 DEBUG content 4338 _a-0000dfc1-6117-8000-06a9-01ef9001ef90_4528 Exporting binary resources.
2018-01-30 04:50:11.042 DEBUG content 4338 _a-0000dfc1-6117-8000-06a9-01ef9001ef90_4528 Serializing object to XML.
2018-01-30 04:50:11.043 DEBUG content 4338 _a-0000dfc1-6117-8000-06a9-01ef9001ef90_4528 Object transported.
2018-01-30 04:50:11.043 DEBUG content 4341 _a-0000dfc1-6117-8000-06a9-01ef9001ef90_4529 Begin transport.
2018-01-30 04:50:11.043 DEBUG content 4341 _a-0000dfc1-6117-8000-06a9-01ef9001ef90_4529 Retrieving object data.
2018-01-30 04:50:11.286 DEBUG content 4341 _a-0000dfc1-6117-8000-06a9-01ef9001ef90_4529 Setting uuids of object references.
2018-01-30 04:50:11.286 DEBUG content 4341 _a-0000dfc1-6117-8000-06a9-01ef9001ef90_4529 Processing reference: [Content:id=4339,versionId=-1,name=BWD_calculateTotalAmount,type=32,subtype=1,uuid=_a-0000dfc1-6117-8000-06a9-01ef9001ef90_4529,parent=4335]
2018-01-30 04:50:11.287 DEBUG content 4341 _a-0000dfc1-6117-8000-06a9-01ef9001ef90_4529 Processing reference: FreeformRule.forum
2018-01-30 04:50:11.288 DEBUG content 4341 _a-0000dfc1-6117-8000-06a9-01ef9001ef90_4529 Processing reference: TypedVariable[name=amountOne,it=2,v=<null>]
2018-01-30 04:50:11.29 DEBUG content 4341 _a-0000dfc1-6117-8000-06a9-01ef9001ef90_4529 Processing reference: TypedVariable[name=amountTwo,it=2,v=<null>]
2018-01-30 04:50:11.29 DEBUG content 4341 _a-0000dfc1-6117-8000-06a9-01ef9001ef90_4529 Processing reference: FreeformRule.parent
2018-01-30 04:50:11.292 DEBUG content 4341 _a-0000dfc1-6117-8000-06a9-01ef9001ef90_4529 Processing reference: com.appiancorp.suiteapi.content.ContentRoleMap@753bd6cd[
  ContentRole[name=readers,inherit=true,allowForAll=false]
  ContentRole[name=authors,inherit=true,allowForAll=false]
  ContentRole[name=administrators,inherit=true,allowForAll=false]
  ContentRole[name=denyReaders,inherit=false,allowForAll=false]
  ContentRole[name=denyAuthors,inherit=false,allowForAll=false]
  ContentRole[name=denyAdministrators,inherit=false,allowForAll=false]
  securityVector=15:SEC_PUBLIC=true,SEC_CREATOR_ADMIN=false,SEC_INH_ADMIN=true,SEC_INH_EDITOR=true,SEC_INH_VIEWER=true,SEC_ALL_ADMIN=false,SEC_ALL_EDITOR=false,SEC_ALL_VIEWER=false
]
2018-01-30 04:50:11.292 DEBUG content 4341 _a-0000dfc1-6117-8000-06a9-01ef9001ef90_4529 Processing reference: ContentRole[name=readers,inherit=true,allowForAll=false]
2018-01-30 04:50:11.292 DEBUG content 4341 _a-0000dfc1-6117-8000-06a9-01ef9001ef90_4529 Processing reference: ContentRole[name=authors,inherit=true,allowForAll=false]
2018-01-30 04:50:11.292 DEBUG content 4341 _a-0000dfc1-6117-8000-06a9-01ef9001ef90_4529 Processing reference: ContentRole[name=administrators,inherit=true,allowForAll=false]
2018-01-30 04:50:11.292 DEBUG content 4341 _a-0000dfc1-6117-8000-06a9-01ef9001ef90_4529 Processing reference: ContentRole[name=denyReaders,inherit=false,allowForAll=false]
2018-01-30 04:50:11.292 DEBUG content 4341 _a-0000dfc1-6117-8000-06a9-01ef9001ef90_4529 Processing reference: ContentRole[name=denyAuthors,inherit=false,allowForAll=false]
2018-01-30 04:50:11.292 DEBUG content 4341 _a-0000dfc1-6117-8000-06a9-01ef9001ef90_4529 Processing reference: ContentRole[name=denyAdministrators,inherit=false,allowForAll=false]
2018-01-30 04:50:11.293 DEBUG content 4341 _a-0000dfc1-6117-8000-06a9-01ef9001ef90_4529 Completing produce.
2018-01-30 04:50:11.293 DEBUG content 4341 _a-0000dfc1-6117-8000-06a9-01ef9001ef90_4529 Exporting binary resources.
2018-01-30 04:50:11.293 DEBUG content 4341 _a-0000dfc1-6117-8000-06a9-01ef9001ef90_4529 Serializing object to XML.
2018-01-30 04:50:11.298 DEBUG content 4341 _a-0000dfc1-6117-8000-06a9-01ef9001ef90_4529 Object transported.
2018-01-30 04:50:11.298 DEBUG content 4343 _a-0000dfc1-6117-8000-06a9-01ef9001ef90_4532 Begin transport.
2018-01-30 04:50:11.298 DEBUG content 4343 _a-0000dfc1-6117-8000-06a9-01ef9001ef90_4532 Retrieving object data.
2018-01-30 04:50:11.305 DEBUG content 4343 _a-0000dfc1-6117-8000-06a9-01ef9001ef90_4532 Setting uuids of object references.
2018-01-30 04:50:11.305 DEBUG content 4343 _a-0000dfc1-6117-8000-06a9-01ef9001ef90_4532 Processing reference: [Content:id=4342,versionId=-1,name=BWD_getUserFullName,type=32,subtype=1,uuid=_a-0000dfc1-6117-8000-06a9-01ef9001ef90_4532,parent=4335]
2018-01-30 04:50:11.305 DEBUG content 4343 _a-0000dfc1-6117-8000-06a9-01ef9001ef90_4532 Processing reference: FreeformRule.forum
2018-01-30 04:50:11.305 DEBUG content 4343 _a-0000dfc1-6117-8000-06a9-01ef9001ef90_4532 Processing reference: FreeformRule.parent
2018-01-30 04:50:11.307 DEBUG content 4343 _a-0000dfc1-6117-8000-06a9-01ef9001ef90_4532 Processing reference: com.appiancorp.suiteapi.content.ContentRoleMap@da4d0c2[
  ContentRole[name=readers,inherit=true,allowForAll=false]
  ContentRole[name=authors,inherit=true,allowForAll=false]
  ContentRole[name=administrators,inherit=true,allowForAll=false]
  ContentRole[name=denyReaders,inherit=false,allowForAll=false]
  ContentRole[name=denyAuthors,inherit=false,allowForAll=false]
  ContentRole[name=denyAdministrators,inherit=false,allowForAll=false]
  securityVector=15:SEC_PUBLIC=true,SEC_CREATOR_ADMIN=false,SEC_INH_ADMIN=true,SEC_INH_EDITOR=true,SEC_INH_VIEWER=true,SEC_ALL_ADMIN=false,SEC_ALL_EDITOR=false,SEC_ALL_VIEWER=false
]
2018-01-30 04:50:11.307 DEBUG content 4343 _a-0000dfc1-6117-8000-06a9-01ef9001ef90_4532 Processing reference: ContentRole[name=readers,inherit=true,allowForAll=false]
2018-01-30 04:50:11.307 DEBUG content 4343 _a-0000dfc1-6117-8000-06a9-01ef9001ef90_4532 Processing reference: ContentRole[name=authors,inherit=true,allowForAll=false]
2018-01-30 04:50:11.307 DEBUG content 4343 _a-0000dfc1-6117-8000-06a9-01ef9001ef90_4532 Processing reference: ContentRole[name=administrators,inherit=true,allowForAll=false]
2018-01-30 04:50:11.307 DEBUG content 4343 _a-0000dfc1-6117-8000-06a9-01ef9001ef90_4532 Processing reference: ContentRole[name=denyReaders,inherit=false,allowForAll=false]
2018-01-30 04:50:11.307 DEBUG content 4343 _a-0000dfc1-6117-8000-06a9-01ef9001ef90_4532 Processing reference: ContentRole[name=denyAuthors,inherit=false,allowForAll=false]
2018-01-30 04:50:11.307 DEBUG content 4343 _a-0000dfc1-6117-8000-06a9-01ef9001ef90_4532 Processing reference: ContentRole[name=denyAdministrators,inherit=false,allowForAll=false]
2018-01-30 04:50:11.307 DEBUG content 4343 _a-0000dfc1-6117-8000-06a9-01ef9001ef90_4532 Completing produce.
2018-01-30 04:50:11.307 DEBUG content 4343 _a-0000dfc1-6117-8000-06a9-01ef9001ef90_4532 Exporting binary resources.
2018-01-30 04:50:11.307 DEBUG content 4343 _a-0000dfc1-6117-8000-06a9-01ef9001ef90_4532 Serializing object to XML.
2018-01-30 04:50:11.308 DEBUG content 4343 _a-0000dfc1-6117-8000-06a9-01ef9001ef90_4532 Object transported.
2018-01-30 04:50:11.308 DEBUG content 4389 _a-0000dfc1-6117-8000-06a9-01ef9001ef90_4587 Begin transport.
2018-01-30 04:50:11.308 DEBUG content 4389 _a-0000dfc1-6117-8000-06a9-01ef9001ef90_4587 Retrieving object data.
2018-01-30 04:50:11.313 DEBUG content 4389 _a-0000dfc1-6117-8000-06a9-01ef9001ef90_4587 Setting uuids of object references.
2018-01-30 04:50:11.314 DEBUG content 4389 _a-0000dfc1-6117-8000-06a9-01ef9001ef90_4587 Processing reference: [id=dc9ba41a-056f-425b-b076-92f4098de705@4383]
2018-01-30 04:50:11.315 DEBUG content 4389 _a-0000dfc1-6117-8000-06a9-01ef9001ef90_4587 Processing reference: Query.folderId
2018-01-30 04:50:11.317 DEBUG content 4389 _a-0000dfc1-6117-8000-06a9-01ef9001ef90_4587 Processing reference: datatypeRef[id=9]
2018-01-30 04:50:11.319 DEBUG content 4389 _a-0000dfc1-6117-8000-06a9-01ef9001ef90_4587 Processing reference: com.appiancorp.suiteapi.content.ContentRoleMap@732221a9[
  ContentRole[name=readers,inherit=true,allowForAll=false]
  ContentRole[name=authors,inherit=true,allowForAll=false]
  ContentRole[name=administrators,inherit=true,allowForAll=false]
  ContentRole[name=denyReaders,inherit=false,allowForAll=false]
  ContentRole[name=denyAuthors,inherit=false,allowForAll=false]
  ContentRole[name=denyAdministrators,inherit=false,allowForAll=false]
  securityVector=14:SEC_PUBLIC=false,SEC_CREATOR_ADMIN=false,SEC_INH_ADMIN=true,SEC_INH_EDITOR=true,SEC_INH_VIEWER=true,SEC_ALL_ADMIN=false,SEC_ALL_EDITOR=false,SEC_ALL_VIEWER=false
]
2018-01-30 04:50:11.319 DEBUG content 4389 _a-0000dfc1-6117-8000-06a9-01ef9001ef90_4587 Processing reference: ContentRole[name=readers,inherit=true,allowForAll=false]
2018-01-30 04:50:11.319 DEBUG content 4389 _a-0000dfc1-6117-8000-06a9-01ef9001ef90_4587 Processing reference: ContentRole[name=authors,inherit=true,allowForAll=false]
2018-01-30 04:50:11.319 DEBUG content 4389 _a-0000dfc1-6117-8000-06a9-01ef9001ef90_4587 Processing reference: ContentRole[name=administrators,inherit=true,allowForAll=false]
2018-01-30 04:50:11.319 DEBUG content 4389 _a-0000dfc1-6117-8000-06a9-01ef9001ef90_4587 Processing reference: ContentRole[name=denyReaders,inherit=false,allowForAll=false]
2018-01-30 04:50:11.319 DEBUG content 4389 _a-0000dfc1-6117-8000-06a9-01ef9001ef90_4587 Processing reference: ContentRole[name=denyAuthors,inherit=false,allowForAll=false]
2018-01-30 04:50:11.319 DEBUG content 4389 _a-0000dfc1-6117-8000-06a9-01ef9001ef90_4587 Processing reference: ContentRole[name=denyAdministrators,inherit=false,allowForAll=false]
2018-01-30 04:50:11.319 DEBUG content 4389 _a-0000dfc1-6117-8000-06a9-01ef9001ef90_4587 Completing produce.
2018-01-30 04:50:11.319 DEBUG content 4389 _a-0000dfc1-6117-8000-06a9-01ef9001ef90_4587 Exporting binary resources.
2018-01-30 04:50:11.319 DEBUG content 4389 _a-0000dfc1-6117-8000-06a9-01ef9001ef90_4587 Serializing object to XML.
2018-01-30 04:50:11.319 DEBUG content 4389 _a-0000dfc1-6117-8000-06a9-01ef9001ef90_4587 Object transported.
2018-01-30 04:50:11.319 DEBUG content 4391 _a-0000dfc1-6117-8000-06a9-01ef9001ef90_4589 Begin transport.
2018-01-30 04:50:11.319 DEBUG content 4391 _a-0000dfc1-6117-8000-06a9-01ef9001ef90_4589 Retrieving object data.
2018-01-30 04:50:11.325 DEBUG content 4391 _a-0000dfc1-6117-8000-06a9-01ef9001ef90_4589 Setting uuids of object references.
2018-01-30 04:50:11.325 DEBUG content 4391 _a-0000dfc1-6117-8000-06a9-01ef9001ef90_4589 Processing reference: [Content:id=4390,versionId=-1,name=BWD_test,type=32,subtype=1,uuid=_a-0000dfc1-6117-8000-06a9-01ef9001ef90_4589,parent=4335]
2018-01-30 04:50:11.328 DEBUG content 4391 _a-0000dfc1-6117-8000-06a9-01ef9001ef90_4589 Processing reference: FreeformRule.forum
2018-01-30 04:50:11.329 DEBUG content 4391 _a-0000dfc1-6117-8000-06a9-01ef9001ef90_4589 Processing reference: FreeformRule.parent
2018-01-30 04:50:11.33 DEBUG content 4391 _a-0000dfc1-6117-8000-06a9-01ef9001ef90_4589 Processing reference: com.appiancorp.suiteapi.content.ContentRoleMap@626c872c[
  ContentRole[name=readers,inherit=true,allowForAll=false]
  ContentRole[name=authors,inherit=true,allowForAll=false]
  ContentRole[name=administrators,inherit=true,allowForAll=false]
  ContentRole[name=denyReaders,inherit=false,allowForAll=false]
  ContentRole[name=denyAuthors,inherit=false,allowForAll=false]
  ContentRole[name=denyAdministrators,inherit=false,allowForAll=false]
  securityVector=15:SEC_PUBLIC=true,SEC_CREATOR_ADMIN=false,SEC_INH_ADMIN=true,SEC_INH_EDITOR=true,SEC_INH_VIEWER=true,SEC_ALL_ADMIN=false,SEC_ALL_EDITOR=false,SEC_ALL_VIEWER=false
]
2018-01-30 04:50:11.33 DEBUG content 4391 _a-0000dfc1-6117-8000-06a9-01ef9001ef90_4589 Processing reference: ContentRole[name=readers,inherit=true,allowForAll=false]
2018-01-30 04:50:11.33 DEBUG content 4391 _a-0000dfc1-6117-8000-06a9-01ef9001ef90_4589 Processing reference: ContentRole[name=authors,inherit=true,allowForAll=false]
2018-01-30 04:50:11.33 DEBUG content 4391 _a-0000dfc1-6117-8000-06a9-01ef9001ef90_4589 Processing reference: ContentRole[name=administrators,inherit=true,allowForAll=false]
2018-01-30 04:50:11.33 DEBUG content 4391 _a-0000dfc1-6117-8000-06a9-01ef9001ef90_4589 Processing reference: ContentRole[name=denyReaders,inherit=false,allowForAll=false]
2018-01-30 04:50:11.33 DEBUG content 4391 _a-0000dfc1-6117-8000-06a9-01ef9001ef90_4589 Processing reference: ContentRole[name=denyAuthors,inherit=false,allowForAll=false]
2018-01-30 04:50:11.33 DEBUG content 4391 _a-0000dfc1-6117-8000-06a9-01ef9001ef90_4589 Processing reference: ContentRole[name=denyAdministrators,inherit=false,allowForAll=false]
2018-01-30 04:50:11.33 DEBUG content 4391 _a-0000dfc1-6117-8000-06a9-01ef9001ef90_4589 Completing produce.
2018-01-30 04:50:11.33 DEBUG content 4391 _a-0000dfc1-6117-8000-06a9-01ef9001ef90_4589 Exporting binary resources.
2018-01-30 04:50:11.33 DEBUG content 4391 _a-0000dfc1-6117-8000-06a9-01ef9001ef90_4589 Serializing object to XML.
2018-01-30 04:50:11.331 DEBUG content 4391 _a-0000dfc1-6117-8000-06a9-01ef9001ef90_4589 Object transported.
2018-01-30 04:50:11.331 DEBUG content 4393 _a-0000dfc1-6117-8000-06a9-01ef9001ef90_4591 Begin transport.
2018-01-30 04:50:11.331 DEBUG content 4393 _a-0000dfc1-6117-8000-06a9-01ef9001ef90_4591 Retrieving object data.
2018-01-30 04:50:11.336 DEBUG content 4393 _a-0000dfc1-6117-8000-06a9-01ef9001ef90_4591 Setting uuids of object references.
2018-01-30 04:50:11.336 DEBUG content 4393 _a-0000dfc1-6117-8000-06a9-01ef9001ef90_4591 Processing reference: [id=dc9ba41a-056f-425b-b076-92f4098de705@4383]
2018-01-30 04:50:11.337 DEBUG content 4393 _a-0000dfc1-6117-8000-06a9-01ef9001ef90_4591 Processing reference: datatypeRef[id=1]
2018-01-30 04:50:11.337 DEBUG content 4393 _a-0000dfc1-6117-8000-06a9-01ef9001ef90_4591 Processing reference: Query.folderId
2018-01-30 04:50:11.339 DEBUG content 4393 _a-0000dfc1-6117-8000-06a9-01ef9001ef90_4591 Processing reference: datatypeRef[id=9]
2018-01-30 04:50:11.339 DEBUG content 4393 _a-0000dfc1-6117-8000-06a9-01ef9001ef90_4591 Processing reference: datatypeRef[id=1]
2018-01-30 04:50:11.34 DEBUG content 4393 _a-0000dfc1-6117-8000-06a9-01ef9001ef90_4591 Processing reference: com.appiancorp.suiteapi.content.ContentRoleMap@13cefae[
  ContentRole[name=readers,inherit=true,allowForAll=false]
  ContentRole[name=authors,inherit=true,allowForAll=false]
  ContentRole[name=administrators,inherit=true,allowForAll=false]
  ContentRole[name=denyReaders,inherit=false,allowForAll=false]
  ContentRole[name=denyAuthors,inherit=false,allowForAll=false]
  ContentRole[name=denyAdministrators,inherit=false,allowForAll=false]
  securityVector=14:SEC_PUBLIC=false,SEC_CREATOR_ADMIN=false,SEC_INH_ADMIN=true,SEC_INH_EDITOR=true,SEC_INH_VIEWER=true,SEC_ALL_ADMIN=false,SEC_ALL_EDITOR=false,SEC_ALL_VIEWER=false
]
2018-01-30 04:50:11.34 DEBUG content 4393 _a-0000dfc1-6117-8000-06a9-01ef9001ef90_4591 Processing reference: ContentRole[name=readers,inherit=true,allowForAll=false]
2018-01-30 04:50:11.34 DEBUG content 4393 _a-0000dfc1-6117-8000-06a9-01ef9001ef90_4591 Processing reference: ContentRole[name=authors,inherit=true,allowForAll=false]
2018-01-30 04:50:11.34 DEBUG content 4393 _a-0000dfc1-6117-8000-06a9-01ef9001ef90_4591 Processing reference: ContentRole[name=administrators,inherit=true,allowForAll=false]
2018-01-30 04:50:11.34 DEBUG content 4393 _a-0000dfc1-6117-8000-06a9-01ef9001ef90_4591 Processing reference: ContentRole[name=denyReaders,inherit=false,allowForAll=false]
2018-01-30 04:50:11.34 DEBUG content 4393 _a-0000dfc1-6117-8000-06a9-01ef9001ef90_4591 Processing reference: ContentRole[name=denyAuthors,inherit=false,allowForAll=false]
2018-01-30 04:50:11.34 DEBUG content 4393 _a-0000dfc1-6117-8000-06a9-01ef9001ef90_4591 Processing reference: ContentRole[name=denyAdministrators,inherit=false,allowForAll=false]
2018-01-30 04:50:11.34 DEBUG content 4393 _a-0000dfc1-6117-8000-06a9-01ef9001ef90_4591 Completing produce.
2018-01-30 04:50:11.34 DEBUG content 4393 _a-0000dfc1-6117-8000-06a9-01ef9001ef90_4591 Exporting binary resources.
2018-01-30 04:50:11.34 DEBUG content 4393 _a-0000dfc1-6117-8000-06a9-01ef9001ef90_4591 Serializing object to XML.
2018-01-30 04:50:11.34 DEBUG content 4393 _a-0000dfc1-6117-8000-06a9-01ef9001ef90_4591 Object transported.
2018-01-30 04:50:11.34 DEBUG content 4394 _a-0000dfc1-6117-8000-06a9-01ef9001ef90_4593 Begin transport.
2018-01-30 04:50:11.34 DEBUG content 4394 _a-0000dfc1-6117-8000-06a9-01ef9001ef90_4593 Retrieving object data.
2018-01-30 04:50:11.345 DEBUG content 4394 _a-0000dfc1-6117-8000-06a9-01ef9001ef90_4593 Setting uuids of object references.
2018-01-30 04:50:11.345 DEBUG content 4394 _a-0000dfc1-6117-8000-06a9-01ef9001ef90_4593 Processing reference: [Content:id=4394,versionId=-1,name=BWD_DECLARATION_ENTITY,type=32,subtype=0,uuid=_a-0000dfc1-6117-8000-06a9-01ef9001ef90_4593,parent=4332]
2018-01-30 04:50:11.346 DEBUG content 4394 _a-0000dfc1-6117-8000-06a9-01ef9001ef90_4593 Processing reference: Constant.forum
2018-01-30 04:50:11.347 DEBUG content 4394 _a-0000dfc1-6117-8000-06a9-01ef9001ef90_4593 Processing reference: Constant.parent
2018-01-30 04:50:11.348 DEBUG content 4394 _a-0000dfc1-6117-8000-06a9-01ef9001ef90_4593 Processing reference: com.appiancorp.suiteapi.content.ContentRoleMap@69d2dc77[
  ContentRole[name=readers,inherit=true,allowForAll=false]
  ContentRole[name=authors,inherit=true,allowForAll=false]
  ContentRole[name=administrators,inherit=true,allowForAll=false]
  ContentRole[name=denyReaders,inherit=false,allowForAll=false]
  ContentRole[name=denyAuthors,inherit=false,allowForAll=false]
  ContentRole[name=denyAdministrators,inherit=false,allowForAll=false]
  securityVector=15:SEC_PUBLIC=true,SEC_CREATOR_ADMIN=false,SEC_INH_ADMIN=true,SEC_INH_EDITOR=true,SEC_INH_VIEWER=true,SEC_ALL_ADMIN=false,SEC_ALL_EDITOR=false,SEC_ALL_VIEWER=false
]
2018-01-30 04:50:11.348 DEBUG content 4394 _a-0000dfc1-6117-8000-06a9-01ef9001ef90_4593 Processing reference: ContentRole[name=readers,inherit=true,allowForAll=false]
2018-01-30 04:50:11.348 DEBUG content 4394 _a-0000dfc1-6117-8000-06a9-01ef9001ef90_4593 Processing reference: ContentRole[name=authors,inherit=true,allowForAll=false]
2018-01-30 04:50:11.348 DEBUG content 4394 _a-0000dfc1-6117-8000-06a9-01ef9001ef90_4593 Processing reference: ContentRole[name=administrators,inherit=true,allowForAll=false]
2018-01-30 04:50:11.348 DEBUG content 4394 _a-0000dfc1-6117-8000-06a9-01ef9001ef90_4593 Processing reference: ContentRole[name=denyReaders,inherit=false,allowForAll=false]
2018-01-30 04:50:11.348 DEBUG content 4394 _a-0000dfc1-6117-8000-06a9-01ef9001ef90_4593 Processing reference: ContentRole[name=denyAuthors,inherit=false,allowForAll=false]
2018-01-30 04:50:11.349 DEBUG content 4394 _a-0000dfc1-6117-8000-06a9-01ef9001ef90_4593 Processing reference: ContentRole[name=denyAdministrators,inherit=false,allowForAll=false]
2018-01-30 04:50:11.349 DEBUG content 4394 _a-0000dfc1-6117-8000-06a9-01ef9001ef90_4593 Completing produce.
2018-01-30 04:50:11.349 DEBUG content 4394 _a-0000dfc1-6117-8000-06a9-01ef9001ef90_4593 Exporting binary resources.
2018-01-30 04:50:11.349 DEBUG content 4394 _a-0000dfc1-6117-8000-06a9-01ef9001ef90_4593 Serializing object to XML.
2018-01-30 04:50:11.35 DEBUG content 4394 _a-0000dfc1-6117-8000-06a9-01ef9001ef90_4593 Object transported.
2018-01-30 04:50:11.35 DEBUG content 4396 _a-0000dfc1-6117-8000-06a9-01ef9001ef90_4594 Begin transport.
2018-01-30 04:50:11.35 DEBUG content 4396 _a-0000dfc1-6117-8000-06a9-01ef9001ef90_4594 Retrieving object data.
2018-01-30 04:50:11.357 DEBUG content 4396 _a-0000dfc1-6117-8000-06a9-01ef9001ef90_4594 Setting uuids of object references.
2018-01-30 04:50:11.357 DEBUG content 4396 _a-0000dfc1-6117-8000-06a9-01ef9001ef90_4594 Processing reference: [Content:id=4395,versionId=-1,name=BWD_queryDeclarations,type=32,subtype=1,uuid=_a-0000dfc1-6117-8000-06a9-01ef9001ef90_4594,parent=4335]
2018-01-30 04:50:11.359 DEBUG content 4396 _a-0000dfc1-6117-8000-06a9-01ef9001ef90_4594 Processing reference: FreeformRule.forum
2018-01-30 04:50:11.359 DEBUG content 4396 _a-0000dfc1-6117-8000-06a9-01ef9001ef90_4594 Processing reference: FreeformRule.parent
2018-01-30 04:50:11.361 DEBUG content 4396 _a-0000dfc1-6117-8000-06a9-01ef9001ef90_4594 Processing reference: com.appiancorp.suiteapi.content.ContentRoleMap@2eb441fb[
  ContentRole[name=readers,inherit=true,allowForAll=false]
  ContentRole[name=authors,inherit=true,allowForAll=false]
  ContentRole[name=administrators,inherit=true,allowForAll=false]
  ContentRole[name=denyReaders,inherit=false,allowForAll=false]
  ContentRole[name=denyAuthors,inherit=false,allowForAll=false]
  ContentRole[name=denyAdministrators,inherit=false,allowForAll=false]
  securityVector=15:SEC_PUBLIC=true,SEC_CREATOR_ADMIN=false,SEC_INH_ADMIN=true,SEC_INH_EDITOR=true,SEC_INH_VIEWER=true,SEC_ALL_ADMIN=false,SEC_ALL_EDITOR=false,SEC_ALL_VIEWER=false
]
2018-01-30 04:50:11.361 DEBUG content 4396 _a-0000dfc1-6117-8000-06a9-01ef9001ef90_4594 Processing reference: ContentRole[name=readers,inherit=true,allowForAll=false]
2018-01-30 04:50:11.361 DEBUG content 4396 _a-0000dfc1-6117-8000-06a9-01ef9001ef90_4594 Processing reference: ContentRole[name=authors,inherit=true,allowForAll=false]
2018-01-30 04:50:11.361 DEBUG content 4396 _a-0000dfc1-6117-8000-06a9-01ef9001ef90_4594 Processing reference: ContentRole[name=administrators,inherit=true,allowForAll=false]
2018-01-30 04:50:11.361 DEBUG content 4396 _a-0000dfc1-6117-8000-06a9-01ef9001ef90_4594 Processing reference: ContentRole[name=denyReaders,inherit=false,allowForAll=false]
2018-01-30 04:50:11.361 DEBUG content 4396 _a-0000dfc1-6117-8000-06a9-01ef9001ef90_4594 Processing reference: ContentRole[name=denyAuthors,inherit=false,allowForAll=false]
2018-01-30 04:50:11.361 DEBUG content 4396 _a-0000dfc1-6117-8000-06a9-01ef9001ef90_4594 Processing reference: ContentRole[name=denyAdministrators,inherit=false,allowForAll=false]
2018-01-30 04:50:11.361 DEBUG content 4396 _a-0000dfc1-6117-8000-06a9-01ef9001ef90_4594 Completing produce.
2018-01-30 04:50:11.361 DEBUG content 4396 _a-0000dfc1-6117-8000-06a9-01ef9001ef90_4594 Exporting binary resources.
2018-01-30 04:50:11.361 DEBUG content 4396 _a-0000dfc1-6117-8000-06a9-01ef9001ef90_4594 Serializing object to XML.
2018-01-30 04:50:11.361 DEBUG content 4396 _a-0000dfc1-6117-8000-06a9-01ef9001ef90_4594 Object transported.
2018-01-30 04:50:11.363 DEBUG processModelFolder 11 _g-0000dfc1-6107-8000-0671-014d98014d98_11 Begin transport.
2018-01-30 04:50:11.363 DEBUG processModelFolder 11 _g-0000dfc1-6107-8000-0671-014d98014d98_11 Retrieving object data.
2018-01-30 04:50:11.365 DEBUG processModelFolder 11 _g-0000dfc1-6107-8000-0671-014d98014d98_11 Setting uuids of object references.
2018-01-30 04:50:11.366 DEBUG processModelFolder 11 _g-0000dfc1-6107-8000-0671-014d98014d98_11 Processing reference: ProcessModelFolder.parentFolderId
2018-01-30 04:50:11.367 DEBUG processModelFolder 11 _g-0000dfc1-6107-8000-0671-014d98014d98_11 Processing reference: com.appiancorp.suiteapi.process.ProcessRoleMap@64b2fcbf[
  Role[name=ADMIN_OWNER,groupIds=[23]]
  Role[name=EDITOR]
  Role[name=EXPLICIT_NONMEMBER]
  Role[name=VIEWER,groupIds=[22]]
  Role[name=MANAGER]
  Role[name=INITIATOR]
]
2018-01-30 04:50:11.367 DEBUG processModelFolder 11 _g-0000dfc1-6107-8000-0671-014d98014d98_11 Processing reference: Role[name=ADMIN_OWNER,groupIds=[23]]
2018-01-30 04:50:11.368 DEBUG processModelFolder 11 _g-0000dfc1-6107-8000-0671-014d98014d98_11 Processing reference: Role[name=EDITOR]
2018-01-30 04:50:11.368 DEBUG processModelFolder 11 _g-0000dfc1-6107-8000-0671-014d98014d98_11 Processing reference: Role[name=EXPLICIT_NONMEMBER]
2018-01-30 04:50:11.368 DEBUG processModelFolder 11 _g-0000dfc1-6107-8000-0671-014d98014d98_11 Processing reference: Role[name=VIEWER,groupIds=[22]]
2018-01-30 04:50:11.369 DEBUG processModelFolder 11 _g-0000dfc1-6107-8000-0671-014d98014d98_11 Processing reference: Role[name=MANAGER]
2018-01-30 04:50:11.369 DEBUG processModelFolder 11 _g-0000dfc1-6107-8000-0671-014d98014d98_11 Processing reference: Role[name=INITIATOR]
2018-01-30 04:50:11.37 DEBUG processModelFolder 11 _g-0000dfc1-6107-8000-0671-014d98014d98_11 Completing produce.
2018-01-30 04:50:11.37 DEBUG processModelFolder 11 _g-0000dfc1-6107-8000-0671-014d98014d98_11 Exporting binary resources.
2018-01-30 04:50:11.37 DEBUG processModelFolder 11 _g-0000dfc1-6107-8000-0671-014d98014d98_11 Serializing object to XML.
2018-01-30 04:50:11.371 DEBUG processModelFolder 11 _g-0000dfc1-6107-8000-0671-014d98014d98_11 Object transported.
2018-01-30 04:50:11.371 DEBUG processModel 207 0002dff1-a8bc-8000-0671-014d98014d98 Begin transport.
2018-01-30 04:50:11.371 DEBUG processModel 207 0002dff1-a8bc-8000-0671-014d98014d98 Retrieving object data.
2018-01-30 04:50:11.44 DEBUG processModel 207 0002dff1-a8bc-8000-0671-014d98014d98 Setting uuids of object references.
2018-01-30 04:50:11.441 DEBUG processModel 207 0002dff1-a8bc-8000-0671-014d98014d98 Processing reference: ProcessModelHaul.folderId
2018-01-30 04:50:11.442 DEBUG processModel 207 0002dff1-a8bc-8000-0671-014d98014d98 Processing reference: ProcessModelHaul.modelDashboardPageId
2018-01-30 04:50:11.442 DEBUG processModel 207 0002dff1-a8bc-8000-0671-014d98014d98 Processing reference: ProcessModelHaul.processDashboardPageId
2018-01-30 04:50:11.442 DEBUG processModel 207 0002dff1-a8bc-8000-0671-014d98014d98 Processing reference: ProcessModel.emailAttachmentFolderId
2018-01-30 04:50:11.445 DEBUG processModel 207 0002dff1-a8bc-8000-0671-014d98014d98 Processing reference: ActivityClassParameter[name=pmID,it=23,v=<null>]
2018-01-30 04:50:11.445 DEBUG processModel 207 0002dff1-a8bc-8000-0671-014d98014d98 Processing reference: ActivityClassParameter[name=inMap,it=111,v={}]
2018-01-30 04:50:11.445 DEBUG processModel 207 0002dff1-a8bc-8000-0671-014d98014d98 Processing reference: ActivityClassParameter[name=procInheritsPriority,it=1,v=1]
2018-01-30 04:50:11.445 DEBUG processModel 207 0002dff1-a8bc-8000-0671-014d98014d98 Processing reference: ActivityClassParameter[name=pmUUID,it=3,v=]
2018-01-30 04:50:11.445 DEBUG processModel 207 0002dff1-a8bc-8000-0671-014d98014d98 Processing reference: ActivityClassParameter[name=isAsynchronous,it=26,v=1]
2018-01-30 04:50:11.445 DEBUG processModel 207 0002dff1-a8bc-8000-0671-014d98014d98 Processing reference: ActivityClassParameter[name=isTransparent,it=26,v=1]
2018-01-30 04:50:11.445 DEBUG processModel 207 0002dff1-a8bc-8000-0671-014d98014d98 Processing reference: ActivityClassParameter[name=inheritSecurity,it=26,v=0]
2018-01-30 04:50:11.445 DEBUG processModel 207 0002dff1-a8bc-8000-0671-014d98014d98 Processing reference: com.appiancorp.suiteapi.process.ProcessRoleMap@713802ea[
  Role[name=ADMIN_OWNER]
  Role[name=EDITOR]
  Role[name=EXPLICIT_NONMEMBER]
  Role[name=VIEWER]
  Role[name=MANAGER]
  Role[name=INITIATOR]
]
2018-01-30 04:50:11.445 DEBUG processModel 207 0002dff1-a8bc-8000-0671-014d98014d98 Processing reference: Role[name=ADMIN_OWNER]
2018-01-30 04:50:11.445 DEBUG processModel 207 0002dff1-a8bc-8000-0671-014d98014d98 Processing reference: Role[name=EDITOR]
2018-01-30 04:50:11.446 DEBUG processModel 207 0002dff1-a8bc-8000-0671-014d98014d98 Processing reference: Role[name=EXPLICIT_NONMEMBER]
2018-01-30 04:50:11.446 DEBUG processModel 207 0002dff1-a8bc-8000-0671-014d98014d98 Processing reference: Role[name=VIEWER]
2018-01-30 04:50:11.446 DEBUG processModel 207 0002dff1-a8bc-8000-0671-014d98014d98 Processing reference: Role[name=MANAGER]
2018-01-30 04:50:11.446 DEBUG processModel 207 0002dff1-a8bc-8000-0671-014d98014d98 Processing reference: Role[name=INITIATOR]
2018-01-30 04:50:11.446 DEBUG processModel 207 0002dff1-a8bc-8000-0671-014d98014d98 Completing produce.
2018-01-30 04:50:11.446 DEBUG processModel 207 0002dff1-a8bc-8000-0671-014d98014d98 Exporting binary resources.
2018-01-30 04:50:11.446 DEBUG processModel 207 0002dff1-a8bc-8000-0671-014d98014d98 Serializing object to XML.
2018-01-30 04:50:11.45 DEBUG processModel 207 0002dff1-a8bc-8000-0671-014d98014d98 Object transported.
2018-01-30 04:50:11.45 DEBUG application 4326 _a-0000dfc1-6117-8000-06a9-01ef9001ef90_4516 Completing produce.
2018-01-30 04:50:11.45 DEBUG application 4326 _a-0000dfc1-6117-8000-06a9-01ef9001ef90_4516 Exporting binary resources.
2018-01-30 04:50:11.45 DEBUG application 4326 _a-0000dfc1-6117-8000-06a9-01ef9001ef90_4516 Serializing object to XML.
2018-01-30 04:50:11.451 DEBUG application 4326 _a-0000dfc1-6117-8000-06a9-01ef9001ef90_4516 Object transported.
